2023-08-28 20:19:29,823 Loaded the file
2023-08-28 20:19:29,883 raw dataframe
             timestamp  Unnamed: 0  sensor_00  sensor_01  sensor_02  sensor_03  ...  sensor_47  sensor_48  sensor_49  sensor_50  sensor_51  machine_status
0  2018-04-01 00:00:00           0   2.465394   47.09201    53.2118  46.310760  ...  38.194440   157.9861   67.70834   243.0556   201.3889          NORMAL
1  2018-04-01 00:01:00           1   2.465394   47.09201    53.2118  46.310760  ...  38.194440   157.9861   67.70834   243.0556   201.3889          NORMAL
2  2018-04-01 00:02:00           2   2.444734   47.35243    53.2118  46.397570  ...  38.194443   155.9606   67.12963   241.3194   203.7037          NORMAL
3  2018-04-01 00:03:00           3   2.460474   47.09201    53.1684  46.397568  ...  38.194440   155.9606   66.84028   240.4514   203.1250          NORMAL
4  2018-04-01 00:04:00           4   2.445718   47.13541    53.2118  46.397568  ...  38.773150   158.2755   66.55093   242.1875   201.3889          NORMAL

[5 rows x 55 columns]
2023-08-28 20:19:40,406 Received transformed data
2023-08-28 20:19:40,449 processed dataframe
                     sensor_00  sensor_01  sensor_02  sensor_03  sensor_04  sensor_05  ...  sensor_45  sensor_46  sensor_47  sensor_48  sensor_49  machine_status
timestamp                                                                              ...                                                                       
2018-04-01 00:00:00   0.967970   0.654253   0.854250   0.866030   0.896776   0.763943  ...   0.202989   0.079893   0.061644   0.273949   0.134314          NORMAL
2018-04-01 00:01:00   0.968216   0.653793   0.854449   0.865113   0.896571   0.764489  ...   0.202989   0.079893   0.061644   0.273949   0.134314          NORMAL
2018-04-01 00:02:00   0.968268   0.653658   0.854601   0.864516   0.896481   0.764580  ...   0.202989   0.079893   0.061644   0.273949   0.134314          NORMAL
2018-04-01 00:03:00   0.961868   0.660976   0.854718   0.866287   0.900039   0.740333  ...   0.201503   0.080874   0.061644   0.269700   0.132353          NORMAL
2018-04-01 00:04:00   0.965408   0.655781   0.854291   0.867442   0.893022   0.764945  ...   0.198525   0.080879   0.061644   0.269678   0.131373          NORMAL

[5 rows x 50 columns]
2023-08-28 20:50:43,919 Trained the model
2023-08-28 20:50:43,919 Directory D:\Python\data_programming_2\Week_2_7\model has already created
2023-08-28 20:50:43,981 Saved the model
